This is XeTeX, Version 3.1415926-2.2-0.9995.1 (MiKTeX 2.8) (preloaded format=xelatex 2013.6.19)  12 FEB 2014 11:52
entering extended mode
**C:/Documents*and*Settings/Walter*Goldburg/Desktop/ETD*Latex/pittetd/feynman-r
ules.tex

("C:/Documents and Settings/Walter Goldburg/Desktop/ETD Latex/pittetd/feynman-r
ules.tex"
LaTeX2e <2009/09/24>
Babel <v3.8l> and hyphenation patterns for english, dumylang, nohyphenation, ge
rman, ngerman, german-x-2009-06-19, ngerman-x-2009-06-19, french, loaded.

("C:\Documents and Settings\Walter Goldburg\Desktop\stef backup\miktex\tex\late
x\revtex\revtex4-1.cls"
Document Class: revtex4-1 2010/07/25/20:33:00 4.1r (http://publish.aps.org/revt
ex4/ for documentation)
 Copyright (c) 2009 The American Physical Society.
 mailto:revtex@aps.org
 Licensed under the LPPL:
http://www.ctan.org/tex-archive/macros/latex/base/lppl.txt
 Arthur Ogawa <arthur_ogawa at sbcglobal dot net>
 Based on work by David Carlisle <david at dcarlisle.demon.co.uk>.
ltxutil[2010/07/25/20:33:00 4.1r utilities package (portions licensed from W. E
. Baxter web at superscript.com)]
LaTeX Info: Redefining \@centercr on input line 308.
Class revtex4-1 Info: Repairing broken LaTeX eqnarray on input line 358.
\eqncolsep=\skip41
Class revtex4-1 Info: Repairing hyperref-unfriendly LaTeX definition of \mpfoot
note on input line 433.
Class revtex4-1 Info: Repairing broken LateX \@sect on input line 755.
\intertabularlinepenalty=\count80
\@tbpen=\count81
\@arstrutbox@hline=\box26
Class revtex4-1 Info: Repairing broken LaTeX \@xbitor on input line 1786.
Class revtex4-1 Info: Making \typeout \long on input line 2046.
ltxfront[2010/07/25/20:33:00 4.1r frontmatter package (AO,DPC)]
\c@affil=\count82
\c@collab=\count83
\absbox=\box27
ltxgrid[2010/07/25/20:33:00 4.1r page grid package (portions licensed from W. E
. Baxter web at superscript.com)]
\c@linecount=\count84
\output@latex=\toks14
\box@size@1=\box28
\box@size@2=\box29
\@protection@box=\box30
\@topmark@saved=\toks15
\footins@saved=\box31
\footins@recovered=\box32
\column@recovered=\box33
\pagesofar=\box34
\footsofar=\box35
\pagegrid@col=\count85
Class revtex4-1 Info: Overriding \@vspace, \@vspacer, \@no@pgbk, \@newline, and
 \\  on input line 5578.
\c@part=\count86
\c@section=\count87
\c@subsection=\count88
\c@subsubsection=\count89
\c@paragraph=\count90
\c@subparagraph=\count91
\abovecaptionskip=\skip42
\belowcaptionskip=\skip43
\c@figure=\count92
\fbox@1=\box36
\c@table=\count93
\fbox@2=\box37
\c@video=\count94
\fbox@4=\box38
\@bibdataout=\write3
\widetext@top=\box39
\widetext@bot=\box40
Class revtex4-1 Info: Selecting society aps on input line 7542.

("C:\Documents and Settings\Walter Goldburg\Desktop\stef backup\miktex\tex\late
x\revtex\aps4-1.rtx"
File: aps4-1 2010/07/25/20:33:00 4.1r (http://publish.aps.org/revtex4/ for docu
mentation)
Class revtex4-1 Info: RevTeX society APS selected on input line 31.
)
Class revtex4-1 Info: Selecting journal prd on input line 7544.
Class revtex4-1 Info: APS journal PRD selected on input line 7545.

("C:\Documents and Settings\Walter Goldburg\Desktop\stef backup\miktex\tex\late
x\revtex\aps12pt4-1.rtx"
File: aps12pt4-1 2010/07/25/20:33:00 4.1r (http://publish.aps.org/revtex4/ for 
documentation)
Class revtex4-1 Info: RevTeX pointsize 12pt selected on input line 30.
)
("C:\Documents and Settings\Walter Goldburg\Desktop\stef backup\miktex\tex\late
x\textcase\textcase.sty"
Package: textcase 2004/10/07 v0.07 Text only upper/lower case changing (DPC)
)
("C:\Documents and Settings\Walter Goldburg\Desktop\stef backup\miktex\tex\xela
tex\xetexurl\url.sty"
\Urlmuskip=\muskip10
Package: url 2004/03/15  ver 3.1  Verb mode for urls, etc.
)
("C:\Documents and Settings\Walter Goldburg\Desktop\stef backup\miktex\tex\late
x\natbib\natbib.sty"
Package: natbib 2010/09/13 8.31b (PWD, AO)
\bibhang=\skip44
\bibsep=\skip45
LaTeX Info: Redefining \cite on input line 694.
\c@NAT@ctr=\count95
)
Class revtex4-1 Info: Repairing natbib's \BibitemShut on input line 7549.

("C:\Documents and Settings\Walter Goldburg\Desktop\stef backup\miktex\tex\late
x\revtex\revsymb4-1.sty"
Package: revsymb4-1 2010/07/25/20:33:00 4.1r (http://publish.aps.org/revtex4/ f
or documentation)
LaTeX Info: Redefining \REV@mathfrak on input line 119.
))
("C:\Documents and Settings\Walter Goldburg\Desktop\stef backup\miktex\tex\late
x\graphics\graphicx.sty"
Package: graphicx 1999/02/16 v1.0f Enhanced LaTeX Graphics (DPC,SPQR)

("C:\Documents and Settings\Walter Goldburg\Desktop\stef backup\miktex\tex\late
x\graphics\keyval.sty"
Package: keyval 1999/03/16 v1.13 key=value parser (DPC)
\KV@toks@=\toks16
)
("C:\Documents and Settings\Walter Goldburg\Desktop\stef backup\miktex\tex\late
x\graphics\graphics.sty"
Package: graphics 2009/02/05 v1.0o Standard LaTeX Graphics (DPC,SPQR)

("C:\Documents and Settings\Walter Goldburg\Desktop\stef backup\miktex\tex\late
x\graphics\trig.sty"
Package: trig 1999/03/16 v1.09 sin cos tan (DPC)
)
("C:\Documents and Settings\Walter Goldburg\Desktop\stef backup\miktex\tex\late
x\00miktex\graphics.cfg"
File: graphics.cfg 2007/01/18 v1.5 graphics configuration of teTeX/TeXLive
)
Package graphics Info: Driver file: xetex.def on input line 91.

("C:\Documents and Settings\Walter Goldburg\Desktop\stef backup\miktex\tex\xela
tex\xetex-def\xetex.def"
File: xetex.def 2009/11/22 v0.94 LaTeX color/graphics driver for XeTeX (RRM/JK)

))
\Gin@req@height=\dimen102
\Gin@req@width=\dimen103
)
("C:\Documents and Settings\Walter Goldburg\Desktop\stef backup\miktex\tex\late
x\graphics\color.sty"
Package: color 2005/11/14 v1.0j Standard LaTeX Color (DPC)

("C:\Documents and Settings\Walter Goldburg\Desktop\stef backup\miktex\tex\late
x\00miktex\color.cfg"
File: color.cfg 2007/01/18 v1.5 color configuration of teTeX/TeXLive
)
Package color Info: Driver file: xetex.def on input line 130.
)
("C:\Documents and Settings\Walter Goldburg\Desktop\stef backup\miktex\tex\late
x\ams\math\amsmath.sty"
Package: amsmath 2000/07/18 v2.13 AMS math features
\@mathmargin=\skip46

For additional information on amsmath, use the `?' option.

("C:\Documents and Settings\Walter Goldburg\Desktop\stef backup\miktex\tex\late
x\ams\math\amstext.sty"
Package: amstext 2000/06/29 v2.01

("C:\Documents and Settings\Walter Goldburg\Desktop\stef backup\miktex\tex\late
x\ams\math\amsgen.sty"
File: amsgen.sty 1999/11/30 v2.0
\@emptytoks=\toks17
\ex@=\dimen104
)
LaTeX Info: Redefining \text on input line 53.
)
("C:\Documents and Settings\Walter Goldburg\Desktop\stef backup\miktex\tex\late
x\ams\math\amsbsy.sty"
Package: amsbsy 1999/11/29 v1.2d
\pmbraise@=\dimen105
)
("C:\Documents and Settings\Walter Goldburg\Desktop\stef backup\miktex\tex\late
x\ams\math\amsopn.sty"
Package: amsopn 1999/12/14 v2.01 operator names
)
\inf@bad=\count96
LaTeX Info: Redefining \frac on input line 211.
\uproot@=\count97
\leftroot@=\count98
LaTeX Info: Redefining \overline on input line 307.
\classnum@=\count99
\DOTSCASE@=\count100
LaTeX Info: Redefining \ldots on input line 379.
LaTeX Info: Redefining \dots on input line 382.
LaTeX Info: Redefining \cdots on input line 467.
\Mathstrutbox@=\box41
\strutbox@=\box42
\big@size=\dimen106
LaTeX Font Info:    Redeclaring font encoding OML on input line 567.
LaTeX Font Info:    Redeclaring font encoding OMS on input line 568.
\macc@depth=\count101
\c@MaxMatrixCols=\count102
\dotsspace@=\muskip11
\c@parentequation=\count103
\dspbrk@lvl=\count104
\tag@help=\toks18
\row@=\count105
\column@=\count106
\maxfields@=\count107
\andhelp@=\toks19
\eqnshift@=\dimen107
\alignsep@=\dimen108
\tagshift@=\dimen109
\tagwidth@=\dimen110
\totwidth@=\dimen111
\lineht@=\dimen112
\@envbody=\toks20
\multlinegap=\skip47
\multlinetaggap=\skip48
\mathdisplay@stack=\toks21
LaTeX Info: Redefining \[ on input line 2666.
LaTeX Info: Redefining \] on input line 2667.
)
("C:\Documents and Settings\Walter Goldburg\Desktop\stef backup\miktex\tex\late
x\amsfonts\amssymb.sty"
Package: amssymb 2009/06/22 v3.00

("C:\Documents and Settings\Walter Goldburg\Desktop\stef backup\miktex\tex\late
x\amsfonts\amsfonts.sty"
Package: amsfonts 2009/06/22 v3.00 Basic AMSFonts support
\symAMSa=\mathgroup4
\symAMSb=\mathgroup5
LaTeX Font Info:    Overwriting math alphabet `\mathfrak' in version `bold'
(Font)                  U/euf/m/n --> U/euf/b/n on input line 96.
LaTeX Info: Redefining \frak on input line 99.
LaTeX Info: Redefining \Bbb on input line 101.
))
("C:\Documents and Settings\Walter Goldburg\Desktop\stef backup\miktex\tex\late
x\multirow\multirow.sty"
\bigstrutjot=\dimen113
)
("C:\Documents and Settings\Walter Goldburg\Desktop\stef backup\miktex\tex\late
x\ams\classes\amsthm.sty"
Package: amsthm 2004/08/06 v2.20
\thm@style=\toks22
\thm@bodyfont=\toks23
\thm@headfont=\toks24
\thm@notefont=\toks25
\thm@headpunct=\toks26
\thm@preskip=\skip49
\thm@postskip=\skip50
\thm@headsep=\skip51
\dth@everypar=\toks27
)
("C:\Documents and Settings\Walter Goldburg\Desktop\stef backup\miktex\tex\late
x\tools\dcolumn.sty"
Package: dcolumn 2001/05/28 v1.06 decimal alignment package (DPC)

("C:\Documents and Settings\Walter Goldburg\Desktop\stef backup\miktex\tex\late
x\tools\array.sty"
Package: array 2008/09/09 v2.4c Tabular extension package (FMi)
\col@sep=\dimen114
\extrarowheight=\dimen115
\NC@list=\toks28
\extratabsurround=\skip52
\backup@length=\skip53
))
("C:\Documents and Settings\Walter Goldburg\Desktop\stef backup\miktex\tex\late
x\tools\bm.sty"
Package: bm 2004/02/26 v1.1c Bold Symbol Support (DPC/FMi)
\symboldoperators=\mathgroup6
\symboldletters=\mathgroup7
\symboldsymbols=\mathgroup8
LaTeX Font Info:    Redeclaring math alphabet \mathbf on input line 138.
LaTeX Info: Redefining \bm on input line 204.
)
Class revtex4-1 Info: Patching array package. on input line 199.
Class revtex4-1 Info: Robustifying \LaTeX's \boldmath command on input line 199
.
Class revtex4-1 Info: cite was not loaded (OK!) on input line 199.
Class revtex4-1 Info: mcite was not loaded (OK!) on input line 199.
Class revtex4-1 Info: multicol was not loaded (OK!) on input line 199.

("C:\Documents and Settings\Walter Goldburg\Desktop\ETD Latex\pittetd\feynman-r
ules.aux")
LaTeX Font Info:    Checking defaults for OML/cmm/m/it on input line 199.
LaTeX Font Info:    ... okay on input line 199.
LaTeX Font Info:    Checking defaults for T1/cmr/m/n on input line 199.
LaTeX Font Info:    ... okay on input line 199.
LaTeX Font Info:    Checking defaults for OT1/cmr/m/n on input line 199.
LaTeX Font Info:    ... okay on input line 199.
LaTeX Font Info:    Checking defaults for OMS/cmsy/m/n on input line 199.
LaTeX Font Info:    ... okay on input line 199.
LaTeX Font Info:    Checking defaults for OMX/cmex/m/n on input line 199.
LaTeX Font Info:    ... okay on input line 199.
LaTeX Font Info:    Checking defaults for U/cmr/m/n on input line 199.
LaTeX Font Info:    ... okay on input line 199.
Requested font "cmr12" at 12.0pt
 -> cmr12
Requested font "cmr10" at 10.95pt
 -> cmr10
Requested font "cmbx10" at 10.95pt
 -> cmbx10
Requested font "cmr8" at 8.0pt
 -> cmr8
Requested font "cmr6" at 6.0pt
 -> cmr6
Requested font "cmmi12" at 12.0pt
 -> cmmi12
Requested font "cmmi8" at 8.0pt
 -> cmmi8
Requested font "cmmi6" at 6.0pt
 -> cmmi6
Requested font "cmsy10" at 12.0pt
 -> cmsy10
Requested font "cmsy8" at 8.0pt
 -> cmsy8
Requested font "cmsy6" at 6.0pt
 -> cmsy6
Requested font "cmex10" at 12.0pt
 -> cmex10
Requested font "cmex8" at 8.0pt
 -> cmex8
Requested font "cmex7" at 6.0pt
 -> cmex7
LaTeX Font Info:    Try loading font information for U+msa on input line 204.

("C:\Documents and Settings\Walter Goldburg\Desktop\stef backup\miktex\tex\late
x\amsfonts\umsa.fd"
File: umsa.fd 2009/06/22 v3.00 AMS symbols A
)
Requested font "msam10" at 12.0pt
 -> msam10
Requested font "msam10" at 8.0pt
 -> msam10
Requested font "msam7" at 6.0pt
 -> msam7
LaTeX Font Info:    Try loading font information for U+msb on input line 204.

("C:\Documents and Settings\Walter Goldburg\Desktop\stef backup\miktex\tex\late
x\amsfonts\umsb.fd"
File: umsb.fd 2009/06/22 v3.00 AMS symbols B
)
Requested font "msbm10" at 12.0pt
 -> msbm10
Requested font "msbm10" at 8.0pt
 -> msbm10
Requested font "msbm7" at 6.0pt
 -> msbm7
Requested font "cmbx12" at 12.0pt
 -> cmbx12
Requested font "cmbx8" at 8.0pt
 -> cmbx8
Requested font "cmbx6" at 6.0pt
 -> cmbx6
Requested font "cmmib10" at 12.0pt
 -> cmmib10
Requested font "cmmib8" at 8.0pt
 -> cmmib8
Requested font "cmmib6" at 6.0pt
 -> cmmib6
Requested font "cmbsy10" at 12.0pt
 -> cmbsy10
Requested font "cmbsy8" at 8.0pt
 -> cmbsy8
Requested font "cmbsy6" at 6.0pt
 -> cmbsy6

Overfull \hbox (25.69125pt too wide) in alignment at lines 211--229
 [][][] []
 []

[1]
Overfull \hbox (4.87524pt too wide) in alignment at lines 260--266
 [][][] []
 []

[2]
Overfull \hbox (101.70163pt too wide) in alignment at lines 286--290
 [][][] []
 []


("C:\Documents and Settings\Walter Goldburg\Desktop\ETD Latex\pittetd\feynman-r
ules.bbl")

Package natbib Warning: Empty `thebibliography' environment on input line 294.

[3]
("C:\Documents and Settings\Walter Goldburg\Desktop\ETD Latex\pittetd\feynman-r
ules.aux") ) 
Here is how much of TeX's memory you used:
 3769 strings out of 430430
 45733 string characters out of 3188278
 133796 words of memory out of 3000000
 6903 multiletter control sequences out of 15000+200000
 11662 words of font info for 43 fonts, out of 3000000 for 9000
 14 hyphenation exceptions out of 8191
 27i,8n,24p,391b,160s stack positions out of 5000i,500n,10000p,200000b,50000s

Output written on feynman-rules.pdf (3 pages).
